26-Mar-2018 10:07:59.562 정보 [localhost-startStop-1] org.apache.catalina.core.ApplicationContext.log ContextListener: contextInitialized()
26-Mar-2018 10:07:59.562 정보 [localhost-startStop-1] org.apache.catalina.core.ApplicationContext.log SessionListener: contextInitialized()
26-Mar-2018 10:07:59.577 정보 [localhost-startStop-1] org.apache.catalina.core.ApplicationContext.log ContextListener: attributeAdded('StockTicker', 'async.Stockticker@55273ae7')
26-Mar-2018 10:09:35.592 정보 [localhost-startStop-2] org.apache.catalina.core.ApplicationContext.log SessionListener: contextDestroyed()
26-Mar-2018 10:09:35.592 정보 [localhost-startStop-2] org.apache.catalina.core.ApplicationContext.log ContextListener: contextDestroyed()
26-Mar-2018 10:11:52.364 정보 [localhost-startStop-1] org.apache.catalina.core.ApplicationContext.log ContextListener: contextInitialized()
26-Mar-2018 10:11:52.364 정보 [localhost-startStop-1] org.apache.catalina.core.ApplicationContext.log SessionListener: contextInitialized()
26-Mar-2018 10:11:52.364 정보 [localhost-startStop-1] org.apache.catalina.core.ApplicationContext.log ContextListener: attributeAdded('StockTicker', 'async.Stockticker@3bb821c')
26-Mar-2018 10:13:30.799 정보 [localhost-startStop-2] org.apache.catalina.core.ApplicationContext.log SessionListener: contextDestroyed()
26-Mar-2018 10:13:30.799 정보 [localhost-startStop-2] org.apache.catalina.core.ApplicationContext.log ContextListener: contextDestroyed()
26-Mar-2018 10:13:47.850 정보 [localhost-startStop-1] org.apache.catalina.core.ApplicationContext.log ContextListener: contextInitialized()
26-Mar-2018 10:13:47.850 정보 [localhost-startStop-1] org.apache.catalina.core.ApplicationContext.log SessionListener: contextInitialized()
26-Mar-2018 10:13:47.850 정보 [localhost-startStop-1] org.apache.catalina.core.ApplicationContext.log ContextListener: attributeAdded('StockTicker', 'async.Stockticker@3bb821c')
26-Mar-2018 10:26:09.596 정보 [localhost-startStop-1] org.apache.catalina.core.ApplicationContext.log ContextListener: contextInitialized()
26-Mar-2018 10:26:09.596 정보 [localhost-startStop-1] org.apache.catalina.core.ApplicationContext.log SessionListener: contextInitialized()
26-Mar-2018 10:26:09.596 정보 [localhost-startStop-1] org.apache.catalina.core.ApplicationContext.log ContextListener: attributeAdded('StockTicker', 'async.Stockticker@1aa8cb26')
26-Mar-2018 10:33:39.950 정보 [ContainerBackgroundProcessor[StandardEngine[Catalina]]] org.apache.catalina.core.ApplicationContext.log SessionListener: contextDestroyed()
26-Mar-2018 10:33:39.950 정보 [ContainerBackgroundProcessor[StandardEngine[Catalina]]] org.apache.catalina.core.ApplicationContext.log ContextListener: contextDestroyed()
26-Mar-2018 10:33:40.215 정보 [localhost-startStop-2] org.apache.catalina.core.ApplicationContext.log ContextListener: contextInitialized()
26-Mar-2018 10:33:40.215 정보 [localhost-startStop-2] org.apache.catalina.core.ApplicationContext.log SessionListener: contextInitialized()
26-Mar-2018 10:33:40.215 정보 [localhost-startStop-2] org.apache.catalina.core.ApplicationContext.log ContextListener: attributeAdded('StockTicker', 'async.Stockticker@c86a9f1')
26-Mar-2018 11:09:54.983 정보 [localhost-startStop-3] org.apache.catalina.core.ApplicationContext.log SessionListener: contextDestroyed()
26-Mar-2018 11:09:54.983 정보 [localhost-startStop-3] org.apache.catalina.core.ApplicationContext.log ContextListener: contextDestroyed()
